<?xml version="1.0" encoding="UTF-8"?>
<testng-results ignored="0" total="1" passed="1" failed="0" skipped="0">
  <reporter-output>
  </reporter-output>
  <suite started-at="2023-11-27T16:35:27 IST" name="Default suite" finished-at="2023-11-27T16:36:07 IST" duration-ms="39976">
    <groups>
    </groups>
    <test started-at="2023-11-27T16:35:27 IST" name="Default test" finished-at="2023-11-27T16:36:07 IST" duration-ms="39976">
      <class name="com.endtoend_prac.Trains">
        <test-method signature="trains()[pri:0, instance:com.endtoend_prac.Trains@29215f06]" started-at="2023-11-27T16:35:27 IST" name="trains" finished-at="2023-11-27T16:36:07 IST" duration-ms="39888" status="PASS">
          <reporter-output>
          </reporter-output>
        </test-method> <!-- trains -->
      </class> <!-- com.endtoend_prac.Trains -->
    </test> <!-- Default test -->
  </suite> <!-- Default suite -->
</testng-results>
